[hotflix.volkovdesign.com/main/index.html]
[hotflix.volkovdesign.com/main/css/bootstrap-reboot.min.css]
[hotflix.volkovdesign.com/main/css/bootstrap-grid.min.css]
[hotflix.volkovdesign.com/main/css/owl.carousel.min.css]
[hotflix.volkovdesign.com/main/css/jquery.mCustomScrollbar.min.css]
[hotflix.volkovdesign.com/main/css/nouislider.min.css]
[hotflix.volkovdesign.com/main/css/ionicons.min.css]
[hotflix.volkovdesign.com/main/css/magnific-popup.css]
[hotflix.volkovdesign.com/main/css/plyr.css]
[hotflix.volkovdesign.com/main/css/photoswipe.css]
[hotflix.volkovdesign.com/main/css/default-skin.css]
[hotflix.volkovdesign.com/main/css/main.css]
[hotflix.volkovdesign.com/main/icon/favicon-32x32.png]
[backblue.gif]
[fade.gif]
[index.html]
[hotflix.volkovdesign.com/main/index2.html]
[hotflix.volkovdesign.com/main/index3.html]
[hotflix.volkovdesign.com/main/catalog.html]
[hotflix.volkovdesign.com/main/catalog2.html]
[hotflix.volkovdesign.com/main/details.html]
[hotflix.volkovdesign.com/main/details2.html]
[hotflix.volkovdesign.com/main/pricing.html]
[hotflix.volkovdesign.com/main/about.html]
[hotflix.volkovdesign.com/main/profile.html]
[hotflix.volkovdesign.com/main/contacts.html]
[hotflix.volkovdesign.com/main/faq.html]
[hotflix.volkovdesign.com/main/privacy.html]
[hotflix.volkovdesign.com/main/signin.html]
[hotflix.volkovdesign.com/main/signup.html]
[hotflix.volkovdesign.com/main/forgot.html]
[hotflix.volkovdesign.com/main/404.html]
[hotflix.volkovdesign.com/main/img/home/home__bg.jpg]
[hotflix.volkovdesign.com/main/img/home/home__bg2.jpg]
[hotflix.volkovdesign.com/main/img/home/home__bg3.jpg]
[hotflix.volkovdesign.com/main/img/home/home__bg4.jpg]
[hotflix.volkovdesign.com/main/img/home/home__bg5.jpg]
[hotflix.volkovdesign.com/main/img/covers/cover.jpg]
[hotflix.volkovdesign.com/main/img/covers/cover2.jpg]
[hotflix.volkovdesign.com/main/img/covers/cover3.jpg]
[hotflix.volkovdesign.com/main/img/covers/cover4.jpg]
[hotflix.volkovdesign.com/main/img/covers/cover5.jpg]
[hotflix.volkovdesign.com/main/img/covers/cover6.jpg]
[hotflix.volkovdesign.com/main/img/covers/cover7.jpg]
[hotflix.volkovdesign.com/main/img/covers/cover8.jpg]
[hotflix.volkovdesign.com/main/img/covers/cover9.jpg]
[hotflix.volkovdesign.com/main/img/covers/cover10.jpg]
[hotflix.volkovdesign.com/main/img/covers/cover11.jpg]
[hotflix.volkovdesign.com/main/img/covers/cover12.jpg]
[hotflix.volkovdesign.com/main/img/covers/cover13.jpg]
[hotflix.volkovdesign.com/main/img/covers/cover14.jpg]
[hotflix.volkovdesign.com/main/img/covers/cover15.jpg]
[hotflix.volkovdesign.com/main/img/covers/cover16.jpg]
[hotflix.volkovdesign.com/main/img/covers/cover17.jpg]
[hotflix.volkovdesign.com/main/img/covers/cover18.jpg]
[hotflix.volkovdesign.com/main/js/jquery-3.5.1.min.js]
[hotflix.volkovdesign.com/main/js/bootstrap.bundle.min.js]
[hotflix.volkovdesign.com/main/js/jquery.magnific-popup.min.js]
[hotflix.volkovdesign.com/main/js/owl.carousel.min.js]
[hotflix.volkovdesign.com/main/js/jquery.mousewheel.min.js]
[hotflix.volkovdesign.com/main/js/wNumb.js]
[hotflix.volkovdesign.com/main/js/jquery.mCustomScrollbar.min.js]
[hotflix.volkovdesign.com/main/js/nouislider.min.js]
[hotflix.volkovdesign.com/main/js/photoswipe.min.js]
[hotflix.volkovdesign.com/main/js/photoswipe-ui-default.min.js]
[hotflix.volkovdesign.com/main/js/main.js]
[hotflix.volkovdesign.com/main/index.html]
[hotflix.volkovdesign.com/main/css/bootstrap-reboot.min.css]
[hotflix.volkovdesign.com/main/css/bootstrap-grid.min.css]
[hotflix.volkovdesign.com/main/js/plyr.min.js]
[hotflix.volkovdesign.com/main/css/owl.carousel.min.css]
[hotflix.volkovdesign.com/main/css/jquery.mCustomScrollbar.min.css]
[hotflix.volkovdesign.com/main/css/nouislider.min.css]
[hotflix.volkovdesign.com/main/fonts/ioniconsde33.eot]
[hotflix.volkovdesign.com/main/fonts/ioniconsde33.woff2]
[hotflix.volkovdesign.com/main/fonts/ioniconsde33.woff]
[hotflix.volkovdesign.com/main/fonts/ioniconsde33.ttf]
[hotflix.volkovdesign.com/main/fonts/ioniconsde33.svg]
[hotflix.volkovdesign.com/main/css/ionicons.min.css]
[hotflix.volkovdesign.com/main/css/magnific-popup.css]
[hotflix.volkovdesign.com/main/css/plyr.css]
[hotflix.volkovdesign.com/main/css/photoswipe.css]
[hotflix.volkovdesign.com/main/css/default-skin.css]
[hotflix.volkovdesign.com/main/css/main.css]
[hotflix.volkovdesign.com/main/img/logo.svg]
[hotflix.volkovdesign.com/main/index2.html]
[hotflix.volkovdesign.com/main/index3.html]
[hotflix.volkovdesign.com/main/img/section/section.jpg]
[hotflix.volkovdesign.com/main/catalog.html]
[hotflix.volkovdesign.com/main/catalog2.html]
[hotflix.volkovdesign.com/main/img/section/details.jpg]
[hotflix.volkovdesign.com/main/img/covers/cover1.jpg]
[cdn.plyr.io/static/demo/View_From_A_Blue_Moon_Trailer-HD.jpg]
[hotflix.volkovdesign.com/main/img/gallery/project-1.jpg]
[hotflix.volkovdesign.com/main/img/gallery/project-2.jpg]
[hotflix.volkovdesign.com/main/img/gallery/project-3.jpg]
[hotflix.volkovdesign.com/main/img/gallery/project-4.jpg]
[hotflix.volkovdesign.com/main/img/gallery/project-5.jpg]
[hotflix.volkovdesign.com/main/img/gallery/project-6.jpg]
[hotflix.volkovdesign.com/main/details.html]
[hotflix.volkovdesign.com/main/details2.html]
[hotflix.volkovdesign.com/main/img/partners/themeforest-light-background.png]
[hotflix.volkovdesign.com/main/img/partners/audiojungle-light-background.png]
[hotflix.volkovdesign.com/main/img/partners/codecanyon-light-background.png]
[hotflix.volkovdesign.com/main/img/partners/photodune-light-background.png]
[hotflix.volkovdesign.com/main/img/partners/activeden-light-background.png]
[hotflix.volkovdesign.com/main/img/partners/3docean-light-background.png]
[hotflix.volkovdesign.com/main/pricing.html]
[hotflix.volkovdesign.com/main/about.html]
[hotflix.volkovdesign.com/main/profile.html]
[hotflix.volkovdesign.com/main/contacts.html]
[hotflix.volkovdesign.com/main/faq.html]
[hotflix.volkovdesign.com/main/privacy.html]
[hotflix.volkovdesign.com/main/signin.html]
[hotflix.volkovdesign.com/main/signup.html]
[hotflix.volkovdesign.com/main/forgot.html]
[hotflix.volkovdesign.com/main/404.html]
[hotflix.volkovdesign.com/main/css/owl.video.play.html]
[hotflix.volkovdesign.com/main/css/mCSB_buttons.html]
[hotflix.volkovdesign.com/main/fonts/ioniconsde33.svg]
[hotflix.volkovdesign.com/main/css/default-skin.html]
[hotflix.volkovdesign.com/main/css/default-skin-2.html]
[hotflix.volkovdesign.com/main/css/preloader.html]
[hotflix.volkovdesign.com/main/img/arrow.svg]
[hotflix.volkovdesign.com/main/img/user.svg]
